2023-05-24 22:56:56,068 INFO  [Log4j] **************************************************************************************** 
2023-05-24 22:56:56,068 INFO  [Log4j] **************************************************************************************** 
2023-05-24 22:56:56,068 INFO  [Log4j] $$$$$$$$$$$$$$$$$$$$$                 PostMethod       $$$$$$$$$$$$$$$$$$$$$$$$$ 
2023-05-24 22:56:56,068 INFO  [Log4j] **************************************************************************************** 
2023-05-24 22:56:56,069 INFO  [Log4j] **************************************************************************************** 
2023-05-24 22:56:57,632 INFO  [Log4j] {
    "name": "morpheus",
    "job": "leader",
    "id": "557",
    "createdAt": "2023-05-25T02:56:56.577Z"
} 
2023-05-24 22:56:57,642 INFO  [Log4j] **************************************************************************************** 
2023-05-24 22:56:57,642 INFO  [Log4j] **************************************************************************************** 
2023-05-24 22:56:57,642 INFO  [Log4j] $$$$$$$$$$$$$$$$$$$$$                 getMethodwithPathParam       $$$$$$$$$$$$$$$$$$$$$$$$$ 
2023-05-24 22:56:57,642 INFO  [Log4j] **************************************************************************************** 
2023-05-24 22:56:57,642 INFO  [Log4j] **************************************************************************************** 
2023-05-24 22:56:57,812 INFO  [Log4j] <html lang="en">
  <head>
    <meta charset="utf-8"/>
    <meta http-equiv="X-UA-Compatible" content="IE=edge"/>
    <meta name="viewport" content="width=device-width, initial-scale=1"/>
    <meta name="description" content="Medicare Website Using Spring MVC and Hibernate"/>
    <meta name="author" content="Simplilearn"/>
    <meta name="_csrf" content="aef13d1a-96c1-413f-b712-dcb4b4df261d"/>
    <meta name="_csrf_header" content="X-CSRF-TOKEN"/>
    <title>Medicare - All Products</title>
    <script>
	window.menu = 'All Products';
	
	window.contextRoot = '/medicare'
	
</script>
    <link href="/medicare/resources/css/bootstrap.min.css" rel="stylesheet"/>
    <link href="/medicare/resources/css/bootstrap-readable-theme.css" rel="stylesheet"/>
    <link href="/medicare/resources/css/dataTables.bootstrap.css" rel="stylesheet"/>
    <link href="/medicare/resources/css/myapp.css" rel="stylesheet"/>
  </head>
  <body>
    <div class="se-pre-con"/>
    <div class="wrapper">
      <script>
		window.userRole = '';
	</script>
      <nav class="navbar navbar-inverse navbar-fixed-top" role="navigation">
        <div class="container">
          <div class="navbar-header">
            <button type="button" class="navbar-toggle" data-toggle="collapse" data-target="#bs-example-navbar-collapse-1">
              <span class="sr-only">Toggle navigation</span>
              <span class="icon-bar"/>
              <span class="icon-bar"/>
              <span class="icon-bar"/>
            </button>
            <a shape="rect" class="navbar-brand" href="/medicare/home">Medicare</a>
          </div>
          <div class="collapse navbar-collapse" id="bs-example-navbar-collapse-1">
            <ul class="nav navbar-nav">
              <li id="about">
                <a shape="rect" href="/medicare/about">About</a>
              </li>
              <li id="contact">
                <a shape="rect" href="/medicare/contact">Contact</a>
              </li>
              <li id="listProducts">
                <a shape="rect" href="/medicare/show/all/products">View Products</a>
              </li>
            </ul>
            <ul class="nav navbar-nav navbar-right">
              <li id="signup">
                <a shape="rect" href="/medicare/membership">Sign Up</a>
              </li>
              <li id="login">
                <a shape="rect" href="/medicare/login">Login</a>
              </li>
            </ul>
          </div>
        </div>
      </nav>
      <div class="content">
        <div class="container">
          <div class="row">
            <div class="col-md-3">
              <p class="lead">Categories</p>
              <div class="list-group">
                <a shape="rect" class="list-group-item" id="a_Antipyretics" href="/medicare/show/category/1/products">Antipyretics</a>
                <a shape="rect" class="list-group-item" id="a_Analgesics" href="/medicare/show/category/2/products">Analgesics</a>
                <a shape="rect" class="list-group-item" id="a_Antibiotics" href="/medicare/show/category/3/products">Antibiotics</a>
              </div>
            </div>
            <div class="col-md-9">
              <div class="row">
                <div class="col-lg-12">
                  <script>
							window.categoryId = '';
						</script>
                  <ol class="breadcrumb">
                    <li>
                      <a shape="rect" href="/medicare/home">Home</a>
                    </li>
                    <li class="active">All Products</li>
                  </ol>
                </div>
              </div>
              <div class="row">
                <div class="col-xs-12">
                  <table class="table table-striped table-borderd" id="productListTable">
                    <thead>
                      <tr>
                        <th colspan="1" rowspan="1"/>
                        <th colspan="1" rowspan="1">Name</th>
                        <th colspan="1" rowspan="1">Brand</th>
                        <th colspan="1" rowspan="1">Price</th>
                        <th colspan="1" rowspan="1">Qty. Available</th>
                        <th colspan="1" rowspan="1"/>
                      </tr>
                    </thead>
                    <tfoot>
                      <tr>
                        <th colspan="1" rowspan="1"/>
                        <th colspan="1" rowspan="1">Name</th>
                        <th colspan="1" rowspan="1">Brand</th>
                        <th colspan="1" rowspan="1">Price</th>
                        <th colspan="1" rowspan="1">Qty. Available</th>
                        <th colspan="1" rowspan="1"/>
                      </tr>
                    </tfoot>
                  </table>
                </div>
              </div>
            </div>
          </div>
        </div>
      </div>
      <div class="container footer">
        <hr/>
        <footer>
          <div class="row">
            <div class="col-lg-12">
              <p>Copyright © Medicare - Designed and Developed By Simplilearn</p>
            </div>
          </div>
        </footer>
      </div>
      <script src="/medicare/resources/js/jquery.js"/>

      &lt;script src="/medicare/resources/js/jquery.validate.js"/&gt;
      &lt;script src="/medicare/resources/js/bootstrap.min.js"/&gt;
      &lt;script src="/medicare/resources/js/jquery.dataTables.js"/&gt;
      &lt;script src="/medicare/resources/js/dataTables.bootstrap.js"/&gt;
      &lt;script src="/medicare/resources/js/bootbox.min.js"/&gt;
      &lt;script src="/medicare/resources/js/myapp.js"/&gt;
        </div>
  </body>
</html> 
2023-05-24 22:56:57,819 INFO  [Log4j] **************************************************************************************** 
2023-05-24 22:56:57,819 INFO  [Log4j] **************************************************************************************** 
2023-05-24 22:56:57,819 INFO  [Log4j] $$$$$$$$$$$$$$$$$$$$$                 getMethodwithPathParam       $$$$$$$$$$$$$$$$$$$$$$$$$ 
2023-05-24 22:56:57,819 INFO  [Log4j] **************************************************************************************** 
2023-05-24 22:56:57,819 INFO  [Log4j] **************************************************************************************** 
2023-05-24 22:56:57,841 INFO  [Log4j] <html lang="en">
  <head>
    <meta charset="utf-8"/>
    <meta http-equiv="X-UA-Compatible" content="IE=edge"/>
    <meta name="viewport" content="width=device-width, initial-scale=1"/>
    <meta name="description" content="Medicare Website Using Spring MVC and Hibernate"/>
    <meta name="author" content="Simplilearn"/>
    <meta name="_csrf" content="a7e28d72-c58c-4532-a425-6397f7c48aac"/>
    <meta name="_csrf_header" content="X-CSRF-TOKEN"/>
    <title>Medicare - Analgesics</title>
    <script>
	window.menu = 'Analgesics';
	
	window.contextRoot = '/medicare'
	
</script>
    <link href="/medicare/resources/css/bootstrap.min.css" rel="stylesheet"/>
    <link href="/medicare/resources/css/bootstrap-readable-theme.css" rel="stylesheet"/>
    <link href="/medicare/resources/css/dataTables.bootstrap.css" rel="stylesheet"/>
    <link href="/medicare/resources/css/myapp.css" rel="stylesheet"/>
  </head>
  <body>
    <div class="se-pre-con"/>
    <div class="wrapper">
      <script>
		window.userRole = '';
	</script>
      <nav class="navbar navbar-inverse navbar-fixed-top" role="navigation">
        <div class="container">
          <div class="navbar-header">
            <button type="button" class="navbar-toggle" data-toggle="collapse" data-target="#bs-example-navbar-collapse-1">
              <span class="sr-only">Toggle navigation</span>
              <span class="icon-bar"/>
              <span class="icon-bar"/>
              <span class="icon-bar"/>
            </button>
            <a shape="rect" class="navbar-brand" href="/medicare/home">Medicare</a>
          </div>
          <div class="collapse navbar-collapse" id="bs-example-navbar-collapse-1">
            <ul class="nav navbar-nav">
              <li id="about">
                <a shape="rect" href="/medicare/about">About</a>
              </li>
              <li id="contact">
                <a shape="rect" href="/medicare/contact">Contact</a>
              </li>
              <li id="listProducts">
                <a shape="rect" href="/medicare/show/all/products">View Products</a>
              </li>
            </ul>
            <ul class="nav navbar-nav navbar-right">
              <li id="signup">
                <a shape="rect" href="/medicare/membership">Sign Up</a>
              </li>
              <li id="login">
                <a shape="rect" href="/medicare/login">Login</a>
              </li>
            </ul>
          </div>
        </div>
      </nav>
      <div class="content">
        <div class="container">
          <div class="row">
            <div class="col-md-3">
              <p class="lead">Categories</p>
              <div class="list-group">
                <a shape="rect" class="list-group-item" id="a_Antipyretics" href="/medicare/show/category/1/products">Antipyretics</a>
                <a shape="rect" class="list-group-item" id="a_Analgesics" href="/medicare/show/category/2/products">Analgesics</a>
                <a shape="rect" class="list-group-item" id="a_Antibiotics" href="/medicare/show/category/3/products">Antibiotics</a>
              </div>
            </div>
            <div class="col-md-9">
              <div class="row">
                <div class="col-lg-12">
                  <script>
							window.categoryId = '2';
						</script>
                  <ol class="breadcrumb">
                    <li>
                      <a shape="rect" href="/medicare/home">Home</a>
                    </li>
                    <li class="active">Category</li>
                    <li class="active">Analgesics</li>
                  </ol>
                </div>
              </div>
              <div class="row">
                <div class="col-xs-12">
                  <table class="table table-striped table-borderd" id="productListTable">
                    <thead>
                      <tr>
                        <th colspan="1" rowspan="1"/>
                        <th colspan="1" rowspan="1">Name</th>
                        <th colspan="1" rowspan="1">Brand</th>
                        <th colspan="1" rowspan="1">Price</th>
                        <th colspan="1" rowspan="1">Qty. Available</th>
                        <th colspan="1" rowspan="1"/>
                      </tr>
                    </thead>
                    <tfoot>
                      <tr>
                        <th colspan="1" rowspan="1"/>
                        <th colspan="1" rowspan="1">Name</th>
                        <th colspan="1" rowspan="1">Brand</th>
                        <th colspan="1" rowspan="1">Price</th>
                        <th colspan="1" rowspan="1">Qty. Available</th>
                        <th colspan="1" rowspan="1"/>
                      </tr>
                    </tfoot>
                  </table>
                </div>
              </div>
            </div>
          </div>
        </div>
      </div>
      <div class="container footer">
        <hr/>
        <footer>
          <div class="row">
            <div class="col-lg-12">
              <p>Copyright © Medicare - Designed and Developed By Simplilearn</p>
            </div>
          </div>
        </footer>
      </div>
      <script src="/medicare/resources/js/jquery.js"/>

      &lt;script src="/medicare/resources/js/jquery.validate.js"/&gt;
      &lt;script src="/medicare/resources/js/bootstrap.min.js"/&gt;
      &lt;script src="/medicare/resources/js/jquery.dataTables.js"/&gt;
      &lt;script src="/medicare/resources/js/dataTables.bootstrap.js"/&gt;
      &lt;script src="/medicare/resources/js/bootbox.min.js"/&gt;
      &lt;script src="/medicare/resources/js/myapp.js"/&gt;
        </div>
  </body>
</html> 
2023-05-24 22:58:45,960 INFO  [Log4j] **************************************************************************************** 
2023-05-24 22:58:45,961 INFO  [Log4j] **************************************************************************************** 
2023-05-24 22:58:45,961 INFO  [Log4j] $$$$$$$$$$$$$$$$$$$$$                 getMethodwithPathParam       $$$$$$$$$$$$$$$$$$$$$$$$$ 
2023-05-24 22:58:45,961 INFO  [Log4j] **************************************************************************************** 
2023-05-24 22:58:45,961 INFO  [Log4j] **************************************************************************************** 
2023-05-24 22:58:47,212 INFO  [Log4j] <html lang="en">
  <head>
    <meta charset="utf-8"/>
    <meta http-equiv="X-UA-Compatible" content="IE=edge"/>
    <meta name="viewport" content="width=device-width, initial-scale=1"/>
    <meta name="description" content="Medicare Website Using Spring MVC and Hibernate"/>
    <meta name="author" content="Simplilearn"/>
    <meta name="_csrf" content="36b693c4-e72a-4408-b142-43e06aa30bf7"/>
    <meta name="_csrf_header" content="X-CSRF-TOKEN"/>
    <title>Medicare - All Products</title>
    <script>
	window.menu = 'All Products';
	
	window.contextRoot = '/medicare'
	
</script>
    <link href="/medicare/resources/css/bootstrap.min.css" rel="stylesheet"/>
    <link href="/medicare/resources/css/bootstrap-readable-theme.css" rel="stylesheet"/>
    <link href="/medicare/resources/css/dataTables.bootstrap.css" rel="stylesheet"/>
    <link href="/medicare/resources/css/myapp.css" rel="stylesheet"/>
  </head>
  <body>
    <div class="se-pre-con"/>
    <div class="wrapper">
      <script>
		window.userRole = '';
	</script>
      <nav class="navbar navbar-inverse navbar-fixed-top" role="navigation">
        <div class="container">
          <div class="navbar-header">
            <button type="button" class="navbar-toggle" data-toggle="collapse" data-target="#bs-example-navbar-collapse-1">
              <span class="sr-only">Toggle navigation</span>
              <span class="icon-bar"/>
              <span class="icon-bar"/>
              <span class="icon-bar"/>
            </button>
            <a shape="rect" class="navbar-brand" href="/medicare/home">Medicare</a>
          </div>
          <div class="collapse navbar-collapse" id="bs-example-navbar-collapse-1">
            <ul class="nav navbar-nav">
              <li id="about">
                <a shape="rect" href="/medicare/about">About</a>
              </li>
              <li id="contact">
                <a shape="rect" href="/medicare/contact">Contact</a>
              </li>
              <li id="listProducts">
                <a shape="rect" href="/medicare/show/all/products">View Products</a>
              </li>
            </ul>
            <ul class="nav navbar-nav navbar-right">
              <li id="signup">
                <a shape="rect" href="/medicare/membership">Sign Up</a>
              </li>
              <li id="login">
                <a shape="rect" href="/medicare/login">Login</a>
              </li>
            </ul>
          </div>
        </div>
      </nav>
      <div class="content">
        <div class="container">
          <div class="row">
            <div class="col-md-3">
              <p class="lead">Categories</p>
              <div class="list-group">
                <a shape="rect" class="list-group-item" id="a_Antipyretics" href="/medicare/show/category/1/products">Antipyretics</a>
                <a shape="rect" class="list-group-item" id="a_Analgesics" href="/medicare/show/category/2/products">Analgesics</a>
                <a shape="rect" class="list-group-item" id="a_Antibiotics" href="/medicare/show/category/3/products">Antibiotics</a>
              </div>
            </div>
            <div class="col-md-9">
              <div class="row">
                <div class="col-lg-12">
                  <script>
							window.categoryId = '';
						</script>
                  <ol class="breadcrumb">
                    <li>
                      <a shape="rect" href="/medicare/home">Home</a>
                    </li>
                    <li class="active">All Products</li>
                  </ol>
                </div>
              </div>
              <div class="row">
                <div class="col-xs-12">
                  <table class="table table-striped table-borderd" id="productListTable">
                    <thead>
                      <tr>
                        <th colspan="1" rowspan="1"/>
                        <th colspan="1" rowspan="1">Name</th>
                        <th colspan="1" rowspan="1">Brand</th>
                        <th colspan="1" rowspan="1">Price</th>
                        <th colspan="1" rowspan="1">Qty. Available</th>
                        <th colspan="1" rowspan="1"/>
                      </tr>
                    </thead>
                    <tfoot>
                      <tr>
                        <th colspan="1" rowspan="1"/>
                        <th colspan="1" rowspan="1">Name</th>
                        <th colspan="1" rowspan="1">Brand</th>
                        <th colspan="1" rowspan="1">Price</th>
                        <th colspan="1" rowspan="1">Qty. Available</th>
                        <th colspan="1" rowspan="1"/>
                      </tr>
                    </tfoot>
                  </table>
                </div>
              </div>
            </div>
          </div>
        </div>
      </div>
      <div class="container footer">
        <hr/>
        <footer>
          <div class="row">
            <div class="col-lg-12">
              <p>Copyright © Medicare - Designed and Developed By Simplilearn</p>
            </div>
          </div>
        </footer>
      </div>
      <script src="/medicare/resources/js/jquery.js"/>

      &lt;script src="/medicare/resources/js/jquery.validate.js"/&gt;
      &lt;script src="/medicare/resources/js/bootstrap.min.js"/&gt;
      &lt;script src="/medicare/resources/js/jquery.dataTables.js"/&gt;
      &lt;script src="/medicare/resources/js/dataTables.bootstrap.js"/&gt;
      &lt;script src="/medicare/resources/js/bootbox.min.js"/&gt;
      &lt;script src="/medicare/resources/js/myapp.js"/&gt;
        </div>
  </body>
</html> 
2023-05-24 22:58:47,222 INFO  [Log4j] **************************************************************************************** 
2023-05-24 22:58:47,222 INFO  [Log4j] **************************************************************************************** 
2023-05-24 22:58:47,222 INFO  [Log4j] $$$$$$$$$$$$$$$$$$$$$                 getMethodwithPathParam       $$$$$$$$$$$$$$$$$$$$$$$$$ 
2023-05-24 22:58:47,222 INFO  [Log4j] **************************************************************************************** 
2023-05-24 22:58:47,222 INFO  [Log4j] **************************************************************************************** 
2023-05-24 22:58:47,246 INFO  [Log4j] <html lang="en">
  <head>
    <meta charset="utf-8"/>
    <meta http-equiv="X-UA-Compatible" content="IE=edge"/>
    <meta name="viewport" content="width=device-width, initial-scale=1"/>
    <meta name="description" content="Medicare Website Using Spring MVC and Hibernate"/>
    <meta name="author" content="Simplilearn"/>
    <meta name="_csrf" content="e48fd190-3a04-4ead-bcff-1d5c31967bb9"/>
    <meta name="_csrf_header" content="X-CSRF-TOKEN"/>
    <title>Medicare - Analgesics</title>
    <script>
	window.menu = 'Analgesics';
	
	window.contextRoot = '/medicare'
	
</script>
    <link href="/medicare/resources/css/bootstrap.min.css" rel="stylesheet"/>
    <link href="/medicare/resources/css/bootstrap-readable-theme.css" rel="stylesheet"/>
    <link href="/medicare/resources/css/dataTables.bootstrap.css" rel="stylesheet"/>
    <link href="/medicare/resources/css/myapp.css" rel="stylesheet"/>
  </head>
  <body>
    <div class="se-pre-con"/>
    <div class="wrapper">
      <script>
		window.userRole = '';
	</script>
      <nav class="navbar navbar-inverse navbar-fixed-top" role="navigation">
        <div class="container">
          <div class="navbar-header">
            <button type="button" class="navbar-toggle" data-toggle="collapse" data-target="#bs-example-navbar-collapse-1">
              <span class="sr-only">Toggle navigation</span>
              <span class="icon-bar"/>
              <span class="icon-bar"/>
              <span class="icon-bar"/>
            </button>
            <a shape="rect" class="navbar-brand" href="/medicare/home">Medicare</a>
          </div>
          <div class="collapse navbar-collapse" id="bs-example-navbar-collapse-1">
            <ul class="nav navbar-nav">
              <li id="about">
                <a shape="rect" href="/medicare/about">About</a>
              </li>
              <li id="contact">
                <a shape="rect" href="/medicare/contact">Contact</a>
              </li>
              <li id="listProducts">
                <a shape="rect" href="/medicare/show/all/products">View Products</a>
              </li>
            </ul>
            <ul class="nav navbar-nav navbar-right">
              <li id="signup">
                <a shape="rect" href="/medicare/membership">Sign Up</a>
              </li>
              <li id="login">
                <a shape="rect" href="/medicare/login">Login</a>
              </li>
            </ul>
          </div>
        </div>
      </nav>
      <div class="content">
        <div class="container">
          <div class="row">
            <div class="col-md-3">
              <p class="lead">Categories</p>
              <div class="list-group">
                <a shape="rect" class="list-group-item" id="a_Antipyretics" href="/medicare/show/category/1/products">Antipyretics</a>
                <a shape="rect" class="list-group-item" id="a_Analgesics" href="/medicare/show/category/2/products">Analgesics</a>
                <a shape="rect" class="list-group-item" id="a_Antibiotics" href="/medicare/show/category/3/products">Antibiotics</a>
              </div>
            </div>
            <div class="col-md-9">
              <div class="row">
                <div class="col-lg-12">
                  <script>
							window.categoryId = '2';
						</script>
                  <ol class="breadcrumb">
                    <li>
                      <a shape="rect" href="/medicare/home">Home</a>
                    </li>
                    <li class="active">Category</li>
                    <li class="active">Analgesics</li>
                  </ol>
                </div>
              </div>
              <div class="row">
                <div class="col-xs-12">
                  <table class="table table-striped table-borderd" id="productListTable">
                    <thead>
                      <tr>
                        <th colspan="1" rowspan="1"/>
                        <th colspan="1" rowspan="1">Name</th>
                        <th colspan="1" rowspan="1">Brand</th>
                        <th colspan="1" rowspan="1">Price</th>
                        <th colspan="1" rowspan="1">Qty. Available</th>
                        <th colspan="1" rowspan="1"/>
                      </tr>
                    </thead>
                    <tfoot>
                      <tr>
                        <th colspan="1" rowspan="1"/>
                        <th colspan="1" rowspan="1">Name</th>
                        <th colspan="1" rowspan="1">Brand</th>
                        <th colspan="1" rowspan="1">Price</th>
                        <th colspan="1" rowspan="1">Qty. Available</th>
                        <th colspan="1" rowspan="1"/>
                      </tr>
                    </tfoot>
                  </table>
                </div>
              </div>
            </div>
          </div>
        </div>
      </div>
      <div class="container footer">
        <hr/>
        <footer>
          <div class="row">
            <div class="col-lg-12">
              <p>Copyright © Medicare - Designed and Developed By Simplilearn</p>
            </div>
          </div>
        </footer>
      </div>
      <script src="/medicare/resources/js/jquery.js"/>

      &lt;script src="/medicare/resources/js/jquery.validate.js"/&gt;
      &lt;script src="/medicare/resources/js/bootstrap.min.js"/&gt;
      &lt;script src="/medicare/resources/js/jquery.dataTables.js"/&gt;
      &lt;script src="/medicare/resources/js/dataTables.bootstrap.js"/&gt;
      &lt;script src="/medicare/resources/js/bootbox.min.js"/&gt;
      &lt;script src="/medicare/resources/js/myapp.js"/&gt;
        </div>
  </body>
</html> 
2023-05-24 23:00:55,382 INFO  [Log4j] **************************************************************************************** 
2023-05-24 23:00:55,382 INFO  [Log4j] **************************************************************************************** 
2023-05-24 23:00:55,382 INFO  [Log4j] $$$$$$$$$$$$$$$$$$$$$                 getMethodwithPathParam       $$$$$$$$$$$$$$$$$$$$$$$$$ 
2023-05-24 23:00:55,382 INFO  [Log4j] **************************************************************************************** 
2023-05-24 23:00:55,382 INFO  [Log4j] **************************************************************************************** 
2023-05-24 23:00:56,512 INFO  [Log4j] <html lang="en">
  <head>
    <meta charset="utf-8"/>
    <meta http-equiv="X-UA-Compatible" content="IE=edge"/>
    <meta name="viewport" content="width=device-width, initial-scale=1"/>
    <meta name="description" content="Medicare Website Using Spring MVC and Hibernate"/>
    <meta name="author" content="Simplilearn"/>
    <meta name="_csrf" content="c50f622d-19c3-4d0a-8bdf-ddb8a38590d0"/>
    <meta name="_csrf_header" content="X-CSRF-TOKEN"/>
    <title>Medicare - All Products</title>
    <script>
	window.menu = 'All Products';
	
	window.contextRoot = '/medicare'
	
</script>
    <link href="/medicare/resources/css/bootstrap.min.css" rel="stylesheet"/>
    <link href="/medicare/resources/css/bootstrap-readable-theme.css" rel="stylesheet"/>
    <link href="/medicare/resources/css/dataTables.bootstrap.css" rel="stylesheet"/>
    <link href="/medicare/resources/css/myapp.css" rel="stylesheet"/>
  </head>
  <body>
    <div class="se-pre-con"/>
    <div class="wrapper">
      <script>
		window.userRole = '';
	</script>
      <nav class="navbar navbar-inverse navbar-fixed-top" role="navigation">
        <div class="container">
          <div class="navbar-header">
            <button type="button" class="navbar-toggle" data-toggle="collapse" data-target="#bs-example-navbar-collapse-1">
              <span class="sr-only">Toggle navigation</span>
              <span class="icon-bar"/>
              <span class="icon-bar"/>
              <span class="icon-bar"/>
            </button>
            <a shape="rect" class="navbar-brand" href="/medicare/home">Medicare</a>
          </div>
          <div class="collapse navbar-collapse" id="bs-example-navbar-collapse-1">
            <ul class="nav navbar-nav">
              <li id="about">
                <a shape="rect" href="/medicare/about">About</a>
              </li>
              <li id="contact">
                <a shape="rect" href="/medicare/contact">Contact</a>
              </li>
              <li id="listProducts">
                <a shape="rect" href="/medicare/show/all/products">View Products</a>
              </li>
            </ul>
            <ul class="nav navbar-nav navbar-right">
              <li id="signup">
                <a shape="rect" href="/medicare/membership">Sign Up</a>
              </li>
              <li id="login">
                <a shape="rect" href="/medicare/login">Login</a>
              </li>
            </ul>
          </div>
        </div>
      </nav>
      <div class="content">
        <div class="container">
          <div class="row">
            <div class="col-md-3">
              <p class="lead">Categories</p>
              <div class="list-group">
                <a shape="rect" class="list-group-item" id="a_Antipyretics" href="/medicare/show/category/1/products">Antipyretics</a>
                <a shape="rect" class="list-group-item" id="a_Analgesics" href="/medicare/show/category/2/products">Analgesics</a>
                <a shape="rect" class="list-group-item" id="a_Antibiotics" href="/medicare/show/category/3/products">Antibiotics</a>
              </div>
            </div>
            <div class="col-md-9">
              <div class="row">
                <div class="col-lg-12">
                  <script>
							window.categoryId = '';
						</script>
                  <ol class="breadcrumb">
                    <li>
                      <a shape="rect" href="/medicare/home">Home</a>
                    </li>
                    <li class="active">All Products</li>
                  </ol>
                </div>
              </div>
              <div class="row">
                <div class="col-xs-12">
                  <table class="table table-striped table-borderd" id="productListTable">
                    <thead>
                      <tr>
                        <th colspan="1" rowspan="1"/>
                        <th colspan="1" rowspan="1">Name</th>
                        <th colspan="1" rowspan="1">Brand</th>
                        <th colspan="1" rowspan="1">Price</th>
                        <th colspan="1" rowspan="1">Qty. Available</th>
                        <th colspan="1" rowspan="1"/>
                      </tr>
                    </thead>
                    <tfoot>
                      <tr>
                        <th colspan="1" rowspan="1"/>
                        <th colspan="1" rowspan="1">Name</th>
                        <th colspan="1" rowspan="1">Brand</th>
                        <th colspan="1" rowspan="1">Price</th>
                        <th colspan="1" rowspan="1">Qty. Available</th>
                        <th colspan="1" rowspan="1"/>
                      </tr>
                    </tfoot>
                  </table>
                </div>
              </div>
            </div>
          </div>
        </div>
      </div>
      <div class="container footer">
        <hr/>
        <footer>
          <div class="row">
            <div class="col-lg-12">
              <p>Copyright © Medicare - Designed and Developed By Simplilearn</p>
            </div>
          </div>
        </footer>
      </div>
      <script src="/medicare/resources/js/jquery.js"/>

      &lt;script src="/medicare/resources/js/jquery.validate.js"/&gt;
      &lt;script src="/medicare/resources/js/bootstrap.min.js"/&gt;
      &lt;script src="/medicare/resources/js/jquery.dataTables.js"/&gt;
      &lt;script src="/medicare/resources/js/dataTables.bootstrap.js"/&gt;
      &lt;script src="/medicare/resources/js/bootbox.min.js"/&gt;
      &lt;script src="/medicare/resources/js/myapp.js"/&gt;
        </div>
  </body>
</html> 
2023-05-24 23:00:56,523 INFO  [Log4j] **************************************************************************************** 
2023-05-24 23:00:56,524 INFO  [Log4j] **************************************************************************************** 
2023-05-24 23:00:56,524 INFO  [Log4j] $$$$$$$$$$$$$$$$$$$$$                 getMethodwithPathParam       $$$$$$$$$$$$$$$$$$$$$$$$$ 
2023-05-24 23:00:56,524 INFO  [Log4j] **************************************************************************************** 
2023-05-24 23:00:56,524 INFO  [Log4j] **************************************************************************************** 
2023-05-24 23:00:56,547 INFO  [Log4j] <html lang="en">
  <head>
    <meta charset="utf-8"/>
    <meta http-equiv="X-UA-Compatible" content="IE=edge"/>
    <meta name="viewport" content="width=device-width, initial-scale=1"/>
    <meta name="description" content="Medicare Website Using Spring MVC and Hibernate"/>
    <meta name="author" content="Simplilearn"/>
    <meta name="_csrf" content="b4f3f809-34f7-4bc7-8d18-4329b514e4e1"/>
    <meta name="_csrf_header" content="X-CSRF-TOKEN"/>
    <title>Medicare - Analgesics</title>
    <script>
	window.menu = 'Analgesics';
	
	window.contextRoot = '/medicare'
	
</script>
    <link href="/medicare/resources/css/bootstrap.min.css" rel="stylesheet"/>
    <link href="/medicare/resources/css/bootstrap-readable-theme.css" rel="stylesheet"/>
    <link href="/medicare/resources/css/dataTables.bootstrap.css" rel="stylesheet"/>
    <link href="/medicare/resources/css/myapp.css" rel="stylesheet"/>
  </head>
  <body>
    <div class="se-pre-con"/>
    <div class="wrapper">
      <script>
		window.userRole = '';
	</script>
      <nav class="navbar navbar-inverse navbar-fixed-top" role="navigation">
        <div class="container">
          <div class="navbar-header">
            <button type="button" class="navbar-toggle" data-toggle="collapse" data-target="#bs-example-navbar-collapse-1">
              <span class="sr-only">Toggle navigation</span>
              <span class="icon-bar"/>
              <span class="icon-bar"/>
              <span class="icon-bar"/>
            </button>
            <a shape="rect" class="navbar-brand" href="/medicare/home">Medicare</a>
          </div>
          <div class="collapse navbar-collapse" id="bs-example-navbar-collapse-1">
            <ul class="nav navbar-nav">
              <li id="about">
                <a shape="rect" href="/medicare/about">About</a>
              </li>
              <li id="contact">
                <a shape="rect" href="/medicare/contact">Contact</a>
              </li>
              <li id="listProducts">
                <a shape="rect" href="/medicare/show/all/products">View Products</a>
              </li>
            </ul>
            <ul class="nav navbar-nav navbar-right">
              <li id="signup">
                <a shape="rect" href="/medicare/membership">Sign Up</a>
              </li>
              <li id="login">
                <a shape="rect" href="/medicare/login">Login</a>
              </li>
            </ul>
          </div>
        </div>
      </nav>
      <div class="content">
        <div class="container">
          <div class="row">
            <div class="col-md-3">
              <p class="lead">Categories</p>
              <div class="list-group">
                <a shape="rect" class="list-group-item" id="a_Antipyretics" href="/medicare/show/category/1/products">Antipyretics</a>
                <a shape="rect" class="list-group-item" id="a_Analgesics" href="/medicare/show/category/2/products">Analgesics</a>
                <a shape="rect" class="list-group-item" id="a_Antibiotics" href="/medicare/show/category/3/products">Antibiotics</a>
              </div>
            </div>
            <div class="col-md-9">
              <div class="row">
                <div class="col-lg-12">
                  <script>
							window.categoryId = '2';
						</script>
                  <ol class="breadcrumb">
                    <li>
                      <a shape="rect" href="/medicare/home">Home</a>
                    </li>
                    <li class="active">Category</li>
                    <li class="active">Analgesics</li>
                  </ol>
                </div>
              </div>
              <div class="row">
                <div class="col-xs-12">
                  <table class="table table-striped table-borderd" id="productListTable">
                    <thead>
                      <tr>
                        <th colspan="1" rowspan="1"/>
                        <th colspan="1" rowspan="1">Name</th>
                        <th colspan="1" rowspan="1">Brand</th>
                        <th colspan="1" rowspan="1">Price</th>
                        <th colspan="1" rowspan="1">Qty. Available</th>
                        <th colspan="1" rowspan="1"/>
                      </tr>
                    </thead>
                    <tfoot>
                      <tr>
                        <th colspan="1" rowspan="1"/>
                        <th colspan="1" rowspan="1">Name</th>
                        <th colspan="1" rowspan="1">Brand</th>
                        <th colspan="1" rowspan="1">Price</th>
                        <th colspan="1" rowspan="1">Qty. Available</th>
                        <th colspan="1" rowspan="1"/>
                      </tr>
                    </tfoot>
                  </table>
                </div>
              </div>
            </div>
          </div>
        </div>
      </div>
      <div class="container footer">
        <hr/>
        <footer>
          <div class="row">
            <div class="col-lg-12">
              <p>Copyright © Medicare - Designed and Developed By Simplilearn</p>
            </div>
          </div>
        </footer>
      </div>
      <script src="/medicare/resources/js/jquery.js"/>

      &lt;script src="/medicare/resources/js/jquery.validate.js"/&gt;
      &lt;script src="/medicare/resources/js/bootstrap.min.js"/&gt;
      &lt;script src="/medicare/resources/js/jquery.dataTables.js"/&gt;
      &lt;script src="/medicare/resources/js/dataTables.bootstrap.js"/&gt;
      &lt;script src="/medicare/resources/js/bootbox.min.js"/&gt;
      &lt;script src="/medicare/resources/js/myapp.js"/&gt;
        </div>
  </body>
</html> 
